{
  "RSpec": {
    "coverage": {
      "/home/mihail/RubyExample/RoRmyAdmin/config/environment.rb": [
        null,
        1,
        null,
        null,
        1
      ],
      "/home/mihail/RubyExample/RoRmyAdmin/config/application.rb": [
        1,
        null,
        1,
        null,
        null,
        null,
        1,
        null,
        1,
        1,
        null,
        null,
        null,
        null,
        null,
        null,
        null,
        1,
        null,
        null,
        null,
        1,
        null,
        1,
        null,
        null
      ],
      "/home/mihail/RubyExample/RoRmyAdmin/config/boot.rb": [
        1,
        1,
        null,
        1
      ],
      "/home/mihail/RubyExample/RoRmyAdmin/config/environments/test.rb": [
        1,
        null,
        null,
        null,
        null,
        null,
        null,
        1,
        null,
        null,
        null,
        null,
        1,
        null,
        null,
        1,
        1,
        null,
        null,
        1,
        1,
        null,
        null,
        1,
        null,
        null,
        1,
        null,
        null,
        null,
        null,
        1,
        null,
        null,
        1,
        null,
        null,
        1,
        null,
        null,
        null,
        null
      ],
      "/home/mihail/RubyExample/RoRmyAdmin/config/initializers/assets.rb": [
        null,
        null,
        null,
        1,
        null,
        null,
        null,
        null,
        null,
        null,
        null
      ],
      "/home/mihail/RubyExample/RoRmyAdmin/config/initializers/backtrace_silencers.rb": [
        null,
        null,
        null,
        null,
        null,
        null,
        null
      ],
      "/home/mihail/RubyExample/RoRmyAdmin/config/initializers/cookies_serializer.rb": [
        null,
        null,
        1
      ],
      "/home/mihail/RubyExample/RoRmyAdmin/config/initializers/filter_parameter_logging.rb": [
        null,
        null,
        null,
        1
      ],
      "/home/mihail/RubyExample/RoRmyAdmin/config/initializers/inflections.rb": [
        null,
        null,
        null,
        null,
        null,
        null,
        null,
        null,
        null,
        null,
        null,
        null,
        null,
        null,
        null,
        null
      ],
      "/home/mihail/RubyExample/RoRmyAdmin/config/initializers/mime_types.rb": [
        null,
        null,
        null,
        null
      ],
      "/home/mihail/RubyExample/RoRmyAdmin/config/initializers/session_store.rb": [
        null,
        null,
        1
      ],
      "/home/mihail/RubyExample/RoRmyAdmin/config/initializers/simple_form.rb": [
        null,
        1,
        null,
        null,
        null,
        null,
        null,
        1,
        null,
        null,
        null,
        null,
        null,
        null,
        null,
        null,
        null,
        1,
        null,
        null,
        null,
        1,
        null,
        null,
        null,
        null,
        null,
        null,
        null,
        null,
        1,
        null,
        null,
        1,
        null,
        null,
        1,
        null,
        null,
        1,
        null,
        null,
        1,
        1,
        1,
        null,
        null,
        null,
        null,
        null,
        null,
        null,
        null,
        null,
        1,
        null,
        null,
        null,
        null,
        null,
        1,
        null,
        null,
        1,
        null,
        null,
        null,
        null,
        null,
        null,
        null,
        1,
        null,
        null,
        1,
        null,
        null,
        null,
        null,
        null,
        null,
        null,
        null,
        null,
        null,
        null,
        null,
        null,
        null,
        null,
        null,
        null,
        null,
        null,
        null,
        null,
        null,
        null,
        null,
        null,
        null,
        null,
        null,
        null,
        null,
        null,
        null,
        null,
        null,
        null,
        null,
        null,
        null,
        null,
        null,
        null,
        null,
        null,
        null,
        1,
        null,
        null,
        null,
        null,
        null,
        null,
        null,
        null,
        null,
        null,
        null,
        null,
        null,
        null,
        null,
        null,
        null,
        null,
        null,
        null,
        null,
        null,
        null,
        null,
        null,
        null,
        null,
        null,
        null,
        null,
        null,
        null,
        null,
        null,
        null,
        null,
        1,
        null,
        null,
        null,
        null,
        null,
        null,
        null,
        null
      ],
      "/home/mihail/RubyExample/RoRmyAdmin/config/initializers/wrap_parameters.rb": [
        null,
        null,
        null,
        null,
        null,
        null,
        1,
        1,
        null,
        null,
        null,
        null,
        null,
        null
      ],
      "/home/mihail/RubyExample/RoRmyAdmin/spec/factories/db_connects.rb": [
        1,
        1,
        1,
        1,
        1,
        null,
        null
      ],
      "/home/mihail/RubyExample/RoRmyAdmin/config/routes.rb": [
        1,
        1,
        null,
        1,
        1,
        null,
        null,
        null,
        null,
        null,
        1,
        1,
        null,
        null,
        1,
        null,
        null,
        null,
        null,
        null,
        null,
        null,
        null,
        null,
        null,
        null,
        null,
        null,
        null,
        null,
        null,
        null,
        null,
        null,
        null,
        null,
        null,
        null,
        null,
        null,
        null,
        null,
        null,
        null,
        null,
        null,
        null,
        null,
        null,
        null,
        null,
        null,
        null,
        null,
        null,
        null,
        null,
        null,
        null,
        null,
        null,
        null,
        null,
        null,
        null,
        null,
        null,
        null,
        null,
        null,
        null
      ],
      "/home/mihail/RubyExample/RoRmyAdmin/app/helpers/abstract_objects_helper.rb": [
        1,
        null
      ],
      "/home/mihail/RubyExample/RoRmyAdmin/app/helpers/application_helper.rb": [
        1,
        null,
        1,
        0,
        0,
        null,
        0,
        null,
        null,
        null
      ],
      "/home/mihail/RubyExample/RoRmyAdmin/app/helpers/db_connects_helper.rb": [
        1,
        null
      ],
      "/home/mihail/RubyExample/RoRmyAdmin/app/helpers/schemas_helper.rb": [
        1,
        null
      ],
      "/home/mihail/RubyExample/RoRmyAdmin/app/models/schema.rb": [
        1,
        1,
        null,
        1,
        null,
        1,
        4,
        4,
        4,
        4,
        12,
        null,
        null,
        null,
        null,
        null,
        1,
        1,
        null,
        null,
        null,
        1,
        1,
        null,
        null,
        null,
        1,
        2,
        null,
        null,
        1,
        0,
        0,
        0,
        0,
        null,
        null,
        null,
        null,
        null,
        1,
        null,
        null,
        1,
        16,
        16,
        144,
        null,
        null,
        16,
        97,
        null,
        null,
        16,
        16,
        16,
        null,
        16,
        12,
        12,
        null,
        null,
        null,
        null,
        null,
        null,
        null,
        null,
        1,
        12,
        12,
        null,
        null
      ],
      "/home/mihail/RubyExample/RoRmyAdmin/app/models/db_connect.rb": [
        1,
        1,
        1,
        null,
        1,
        4,
        null,
        null,
        1,
        0,
        null,
        null,
        1,
        null,
        null,
        1,
        2,
        2,
        0,
        0,
        0,
        null,
        null,
        null
      ]
    },
    "timestamp": 1450427915
  }
}
