{
  "RSpec": {
    "coverage": {
      "/home/mihail/RubyExample/RoRmyAdmin/config/environment.rb": [
        null,
        1,
        null,
        null,
        1
      ],
      "/home/mihail/RubyExample/RoRmyAdmin/config/application.rb": [
        1,
        null,
        1,
        null,
        null,
        null,
        1,
        null,
        1,
        1,
        null,
        null,
        null,
        null,
        null,
        null,
        null,
        1,
        null,
        null,
        null,
        1,
        null,
        1,
        null,
        null
      ],
      "/home/mihail/RubyExample/RoRmyAdmin/config/boot.rb": [
        1,
        1,
        null,
        1
      ],
      "/home/mihail/RubyExample/RoRmyAdmin/config/environments/test.rb": [
        1,
        null,
        null,
        null,
        null,
        null,
        null,
        1,
        null,
        null,
        null,
        null,
        1,
        null,
        null,
        1,
        1,
        null,
        null,
        1,
        1,
        null,
        null,
        1,
        null,
        null,
        1,
        null,
        null,
        null,
        null,
        1,
        null,
        null,
        1,
        null,
        null,
        1,
        null,
        null,
        null,
        null
      ],
      "/home/mihail/RubyExample/RoRmyAdmin/config/initializers/assets.rb": [
        null,
        null,
        null,
        1,
        null,
        null,
        null,
        null,
        null,
        null,
        null
      ],
      "/home/mihail/RubyExample/RoRmyAdmin/config/initializers/backtrace_silencers.rb": [
        null,
        null,
        null,
        null,
        null,
        null,
        null
      ],
      "/home/mihail/RubyExample/RoRmyAdmin/config/initializers/cookies_serializer.rb": [
        null,
        null,
        1
      ],
      "/home/mihail/RubyExample/RoRmyAdmin/config/initializers/filter_parameter_logging.rb": [
        null,
        null,
        null,
        1
      ],
      "/home/mihail/RubyExample/RoRmyAdmin/config/initializers/inflections.rb": [
        null,
        null,
        null,
        null,
        null,
        null,
        null,
        null,
        null,
        null,
        null,
        null,
        null,
        null,
        null,
        null
      ],
      "/home/mihail/RubyExample/RoRmyAdmin/config/initializers/mime_types.rb": [
        null,
        null,
        null,
        null
      ],
      "/home/mihail/RubyExample/RoRmyAdmin/config/initializers/session_store.rb": [
        null,
        null,
        1
      ],
      "/home/mihail/RubyExample/RoRmyAdmin/config/initializers/simple_form.rb": [
        null,
        1,
        null,
        null,
        null,
        null,
        null,
        1,
        null,
        null,
        null,
        null,
        null,
        null,
        null,
        null,
        null,
        1,
        null,
        null,
        null,
        1,
        null,
        null,
        null,
        null,
        null,
        null,
        null,
        null,
        1,
        null,
        null,
        1,
        null,
        null,
        1,
        null,
        null,
        1,
        null,
        null,
        1,
        1,
        1,
        null,
        null,
        null,
        null,
        null,
        null,
        null,
        null,
        null,
        1,
        null,
        null,
        null,
        null,
        null,
        1,
        null,
        null,
        1,
        null,
        null,
        null,
        null,
        null,
        null,
        null,
        1,
        null,
        null,
        1,
        null,
        null,
        null,
        null,
        null,
        null,
        null,
        null,
        null,
        null,
        null,
        null,
        null,
        null,
        null,
        null,
        null,
        null,
        null,
        null,
        null,
        null,
        null,
        null,
        null,
        null,
        null,
        null,
        null,
        null,
        null,
        null,
        null,
        null,
        null,
        null,
        null,
        null,
        null,
        null,
        null,
        null,
        null,
        null,
        1,
        null,
        null,
        null,
        null,
        null,
        null,
        null,
        null,
        null,
        null,
        null,
        null,
        null,
        null,
        null,
        null,
        null,
        null,
        null,
        null,
        null,
        null,
        null,
        null,
        null,
        null,
        null,
        null,
        null,
        null,
        null,
        null,
        null,
        null,
        null,
        null,
        1,
        null,
        null,
        null,
        null,
        null,
        null,
        null,
        null
      ],
      "/home/mihail/RubyExample/RoRmyAdmin/config/initializers/wrap_parameters.rb": [
        null,
        null,
        null,
        null,
        null,
        null,
        1,
        1,
        null,
        null,
        null,
        null,
        null,
        null
      ],
      "/home/mihail/RubyExample/RoRmyAdmin/spec/factories/db_connects.rb": [
        1,
        1,
        1,
        1,
        1,
        null,
        null
      ],
      "/home/mihail/RubyExample/RoRmyAdmin/config/routes.rb": [
        1,
        1,
        null,
        1,
        1,
        null,
        null,
        null,
        null,
        null,
        1,
        1,
        null,
        null,
        1,
        null,
        null,
        null,
        null,
        null,
        null,
        null,
        null,
        null,
        null,
        null,
        null,
        null,
        null,
        null,
        null,
        null,
        null,
        null,
        null,
        null,
        null,
        null,
        null,
        null,
        null,
        null,
        null,
        null,
        null,
        null,
        null,
        null,
        null,
        null,
        null,
        null,
        null,
        null,
        null,
        null,
        null,
        null,
        null,
        null,
        null,
        null,
        null,
        null,
        null,
        null,
        null,
        null,
        null,
        null,
        null
      ],
      "/home/mihail/RubyExample/RoRmyAdmin/app/helpers/abstract_objects_helper.rb": [
        1,
        null
      ],
      "/home/mihail/RubyExample/RoRmyAdmin/app/helpers/application_helper.rb": [
        1,
        null,
        1,
        0,
        0,
        null,
        0,
        null,
        null,
        null
      ],
      "/home/mihail/RubyExample/RoRmyAdmin/app/helpers/db_connects_helper.rb": [
        1,
        null
      ],
      "/home/mihail/RubyExample/RoRmyAdmin/app/helpers/schemas_helper.rb": [
        1,
        null
      ],
      "/home/mihail/RubyExample/RoRmyAdmin/app/models/db_connect.rb": [
        1,
        1,
        1,
        null,
        1,
        9,
        null,
        null,
        1,
        0,
        null,
        null,
        1,
        null,
        null,
        1,
        7,
        7,
        2,
        2,
        2,
        null,
        null,
        null
      ],
      "/home/mihail/RubyExample/RoRmyAdmin/app/models/schema.rb": [
        1,
        1,
        null,
        1,
        null,
        1,
        9,
        9,
        9,
        7,
        21,
        null,
        null,
        null,
        null,
        null,
        1,
        0,
        null,
        null,
        null,
        1,
        2,
        null,
        null,
        null,
        1,
        2,
        null,
        null,
        1,
        0,
        0,
        0,
        0,
        null,
        null,
        null,
        null,
        null,
        1,
        null,
        null,
        1,
        30,
        30,
        270,
        null,
        null,
        30,
        180,
        null,
        null,
        30,
        30,
        30,
        null,
        30,
        21,
        21,
        null,
        null,
        null,
        null,
        null,
        null,
        null,
        null,
        1,
        21,
        21,
        null,
        null
      ],
      "/home/mihail/RubyExample/RoRmyAdmin/app/controllers/db_connects_controller.rb": [
        1,
        1,
        null,
        null,
        1,
        8,
        null,
        null,
        null,
        null,
        1,
        null,
        null,
        null,
        null,
        1,
        3,
        null,
        null,
        null,
        1,
        null,
        null,
        null,
        null,
        1,
        2,
        null,
        2,
        2,
        0,
        0,
        null,
        4,
        2,
        null,
        null,
        null,
        null,
        null,
        null,
        1,
        null,
        0,
        0,
        0,
        0,
        null,
        0,
        0,
        null,
        null,
        null,
        null,
        null,
        null,
        1,
        2,
        2,
        4,
        2,
        null,
        null,
        null,
        1,
        null,
        1,
        3,
        null,
        null,
        null,
        1,
        2,
        null,
        null,
        null
      ],
      "/home/mihail/RubyExample/RoRmyAdmin/app/controllers/application_controller.rb": [
        1,
        null,
        null,
        1,
        1,
        null,
        null,
        1,
        null,
        1,
        18,
        null,
        null,
        null
      ],
      "/home/mihail/RubyExample/RoRmyAdmin/app/controllers/schemas_controller.rb": [
        1,
        null,
        null,
        1,
        0,
        0,
        null,
        null,
        1,
        2,
        2,
        2,
        2,
        null,
        null,
        null,
        1,
        null,
        1,
        2,
        2,
        2,
        0,
        0,
        0,
        0,
        0,
        null,
        null,
        null,
        1,
        0,
        0,
        0,
        0,
        null,
        null,
        1,
        0,
        0,
        0,
        null,
        null,
        null
      ]
    },
    "timestamp": 1450427433
  }
}
